<?xml version="1.0" encoding="UTF-8"?>
<!-- Generated by org.testng.reporters.JUnitXMLReporter -->
<testsuite ignored="1" hostname="Radhakrishna" failures="0" tests="1" name="Default test" time="10.006" errors="0" timestamp="2025-05-21T08:30:58 EDT">
  <testcase classname="inventoryTests.AddProductToCartTest" name="tc_01_AddProductToCartTest" time="1.564"/>
  <testcase classname="inventoryTests.AddProductToCartTest" name="sampleTest" time="0.0">
    <ignored/>
  </testcase> <!-- sampleTest -->
</testsuite> <!-- Default test -->
