<?xml version="1.0" encoding="UTF-8"?>
<testng-results ignored="1" total="2" passed="1" failed="0" skipped="0">
  <reporter-output>
  </reporter-output>
  <suite started-at="2025-05-21T08:30:48 EDT" name="Default suite" finished-at="2025-05-21T08:30:58 EDT" duration-ms="10006">
    <groups>
      <group name="SmokeSuite">
        <method signature="AddProductToCartTest.tc_01_AddProductToCartTest()[pri:0, instance:inventoryTests.AddProductToCartTest@4bc222e]" name="tc_01_AddProductToCartTest" class="inventoryTests.AddProductToCartTest"/>
      </group> <!-- SmokeSuite -->
    </groups>
    <test started-at="2025-05-21T08:30:48 EDT" name="Default test" finished-at="2025-05-21T08:30:58 EDT" duration-ms="10006">
      <class name="inventoryTests.AddProductToCartTest">
        <test-method is-config="true" signature="bsConfig()[pri:0, instance:inventoryTests.AddProductToCartTest@4bc222e]" started-at="2025-05-21T08:30:48 EDT" name="bsConfig" finished-at="2025-05-21T08:30:48 EDT" duration-ms="14" status="PASS">
          <reporter-output>
          </reporter-output>
        </test-method> <!-- bsConfig -->
        <test-method is-config="true" signature="bcConfig()[pri:0, instance:inventoryTests.AddProductToCartTest@4bc222e]" started-at="2025-05-21T08:30:49 EDT" name="bcConfig" finished-at="2025-05-21T08:30:54 EDT" duration-ms="5795" status="PASS">
          <reporter-output>
          </reporter-output>
        </test-method> <!-- bcConfig -->
        <test-method is-config="true" signature="bmConfig()[pri:0, instance:inventoryTests.AddProductToCartTest@4bc222e]" started-at="2025-05-21T08:30:54 EDT" name="bmConfig" finished-at="2025-05-21T08:30:55 EDT" duration-ms="492" status="PASS">
          <reporter-output>
          </reporter-output>
        </test-method> <!-- bmConfig -->
        <test-method signature="tc_01_AddProductToCartTest()[pri:0, instance:inventoryTests.AddProductToCartTest@4bc222e]" started-at="2025-05-21T08:30:55 EDT" name="tc_01_AddProductToCartTest" finished-at="2025-05-21T08:30:56 EDT" duration-ms="1564" status="PASS">
          <reporter-output>
          </reporter-output>
        </test-method> <!-- tc_01_AddProductToCartTest -->
        <test-method is-config="true" signature="amConfig()[pri:0, instance:inventoryTests.AddProductToCartTest@4bc222e]" started-at="2025-05-21T08:30:56 EDT" name="amConfig" finished-at="2025-05-21T08:30:57 EDT" duration-ms="555" status="PASS">
          <reporter-output>
          </reporter-output>
        </test-method> <!-- amConfig -->
        <test-method is-config="true" signature="acConfig()[pri:0, instance:inventoryTests.AddProductToCartTest@4bc222e]" started-at="2025-05-21T08:30:57 EDT" name="acConfig" finished-at="2025-05-21T08:30:58 EDT" duration-ms="1196" status="PASS">
          <reporter-output>
          </reporter-output>
        </test-method> <!-- acConfig -->
        <test-method is-config="true" signature="asConfig()[pri:0, instance:inventoryTests.AddProductToCartTest@4bc222e]" started-at="2025-05-21T08:31:00 EDT" name="asConfig" finished-at="2025-05-21T08:31:00 EDT" duration-ms="4" status="PASS">
          <reporter-output>
          </reporter-output>
        </test-method> <!-- asConfig -->
      </class> <!-- inventoryTests.AddProductToCartTest -->
    </test> <!-- Default test -->
  </suite> <!-- Default suite -->
</testng-results>
